<?xml version="1.0" encoding="UTF-8"?>
<testsuite xmlns:xsi="http://www.w3.org/2001/XMLSchema-instance" xsi:noNamespaceSchemaLocation="https://maven.apache.org/surefire/maven-surefire-plugin/xsd/surefire-test-report.xsd" version="3.0.2" name="com.meli.tetera.TeteraApplicationTests" time="0.304" tests="1" errors="0" skipped="0" failures="0">
  <properties>
[...]
</properties>
  <testcase name="contextLoads" classname="com.meli.tetera.TeteraApplicationTests" time="0.002">
    <system-out><![CDATA[2025-01-31T09:44:50.424-03:00  INFO 8067 --- [Tetera] [           main] t.c.s.AnnotationConfigContextLoaderUtils : Could not detect default configuration classes for test class [com.meli.tetera.TeteraApplicationTests]: TeteraApplicationTests does not declare any static, non-private, non-final, nested classes annotated with @Configuration.
2025-01-31T09:44:50.429-03:00  INFO 8067 --- [Tetera] [           main] .b.t.c.SpringBootTestContextBootstrapper : Found @SpringBootConfiguration com.meli.tetera.TeteraApplication for test class com.meli.tetera.TeteraApplicationTests
2025-01-31T09:44:50.433-03:00  INFO 8067 --- [Tetera] [           main] o.s.b.d.r.RestartApplicationListener     : Restart disabled due to context in which it is running

  .   ____          _            __ _ _
 /\\ / ___'_ __ _ _(_)_ __  __ _ \ \ \ \
( ( )\___ | '_ | '_| | '_ \/ _` | \ \ \ \
 \\/  ___)| |_)| | | | | || (_| |  ) ) ) )
  '  |____| .__|_| |_|_| |_\__, | / / / /
 =========|_|==============|___/=/_/_/_/

 :: Spring Boot ::                (v3.4.1)

2025-01-31T09:44:50.450-03:00  INFO 8067 --- [Tetera] [           main] com.meli.tetera.TeteraApplicationTests   : Starting TeteraApplicationTests using Java 23.0.2 with PID 8067 (started by seneves in /Users/seneves/MakersChallengeE7Java)
2025-01-31T09:44:50.450-03:00  INFO 8067 --- [Tetera] [           main] com.meli.tetera.TeteraApplicationTests   : No active profile set, falling back to 1 default profile: "default"
2025-01-31T09:44:50.662-03:00  INFO 8067 --- [Tetera] [           main] o.s.v.b.OptionalValidatorFactoryBean     : Failed to set up a Bean Validation provider: jakarta.validation.NoProviderFoundException: Unable to create a Configuration, because no Jakarta Bean Validation provider could be found. Add a provider like Hibernate Validator (RI) to your classpath.
2025-01-31T09:44:50.724-03:00  INFO 8067 --- [Tetera] [           main] com.meli.tetera.TeteraApplicationTests   : Started TeteraApplicationTests in 0.291 seconds (process running for 1.945)
]]></system-out>
  </testcase>
</testsuite>